<?xml version="1.0" encoding="UTF-8"?>
<!-- Generated by org.testng.reporters.JUnitReportReporter -->
<testsuite skipped="0" hostname="zeasghar" name="SelenroidAutomatedTests.SelenroidDisplayTest" tests="1" failures="0" timestamp="2020-04-16T10:24:45 PKT" time="9.619" errors="0">
  <testcase name="VerifyDisplay" time="9.619" classname="SelenroidAutomatedTests.SelenroidDisplayTest"/>
  <system-out/>
</testsuite> <!-- SelenroidAutomatedTests.SelenroidDisplayTest -->
