<?xml version="1.0" encoding="UTF-8"?>
<!-- Generated by org.testng.reporters.JUnitReportReporter -->
<testsuite skipped="0" hostname="zeasghar" name="SelenroidAutomatedTests.SelenroidWebViewTest" tests="3" failures="0" timestamp="2020-04-16T10:24:45 PKT" time="85.081" errors="0">
  <testcase name="VerifyWebViewElements" time="28.222" classname="SelenroidAutomatedTests.SelenroidWebViewTest"/>
  <system-out/>
  <testcase name="VerifyWebViewElements" time="28.833" classname="SelenroidAutomatedTests.SelenroidWebViewTest"/>
  <system-out/>
  <testcase name="VerifyWebViewElements" time="28.026" classname="SelenroidAutomatedTests.SelenroidWebViewTest"/>
  <system-out/>
</testsuite> <!-- SelenroidAutomatedTests.SelenroidWebViewTest -->
