<?xml version="1.0" encoding="UTF-8"?>
<!-- Generated by org.testng.reporters.JUnitReportReporter -->
<testsuite skipped="0" hostname="zeasghar" name="SelenroidAutomatedTests.SelenroidPopUpButtonTest" tests="1" failures="0" timestamp="2020-04-16T10:24:45 PKT" time="10.033" errors="0">
  <testcase name="VerifyDisplay" time="10.033" classname="SelenroidAutomatedTests.SelenroidPopUpButtonTest"/>
  <system-out/>
</testsuite> <!-- SelenroidAutomatedTests.SelenroidPopUpButtonTest -->
