<?xml version="1.0" encoding="UTF-8"?>
<!-- Generated by org.testng.reporters.JUnitReportReporter -->
<testsuite skipped="0" hostname="zeasghar" name="SelenroidAutomatedTests.SelenroidTouchTest" tests="1" failures="0" timestamp="2020-04-16T10:24:45 PKT" time="15.417" errors="0">
  <testcase name="VerifyTouchActions" time="15.417" classname="SelenroidAutomatedTests.SelenroidTouchTest"/>
  <system-out/>
</testsuite> <!-- SelenroidAutomatedTests.SelenroidTouchTest -->
